xilinx rtfpga
INFO: [Synth 8-5544] ROM "s_a97fe277" won't be mapped to Block RAM because address size (2) smaller than threshold (5)
INFO: [Synth 8-5544] ROM "s_a97fe277" won't be mapped to Block RAM because address size (2) smaller than threshold (5)
INFO: [Synth 8-5546] ROM "p_17_in" won't be mapped to RAM because it is too sparse
INFO: [Synth 8-5546] ROM "p_2_in" won't be mapped to RAM because it is too sparse
INFO: [Synth 8-5546] ROM "g_89fa25a3[0].s_874e4bfd" won't be mapped to RAM because it is too sparse
WARNING: [Synth 8-3331] design m_f98264eb has unconnected port s_dbc3d0cd
WARNING: [Synth 8-3331] design m_f98264eb has unconnected port s_14c171cc[1]
WARNING: [Synth 8-3331] design m_f98264eb has unconnected port s_14c171cc[0]
WARNING: [Synth 8-3331] design m_f98264eb has unconnected port s_a81612b9[95]
WARNING: [Synth 8-3331] design m_f98264eb has unconnected port s_a81612b9[94]
WARNING: [Synth 8-3331] design m_f98264eb has unconnected port s_a81612b9[93]
WARNING: [Synth 8-3331] design m_f98264eb has unconnected port s_a81612b9[92]
WARNING: [Synth 8-3331] design m_f98264eb has unconnected port s_a81612b9[91]
WARNING: [Synth 8-3331] design m_f98264eb has unconnected port s_a81612b9[90]
WARNING: [Synth 8-3331] design m_f98264eb has unconnected port s_a81612b9[89]
WARNING: [Synth 8-3331] design m_f98264eb has unconnected port s_a81612b9[88]
WARNING: [Synth 8-3331] design m_f98264eb has unconnected port s_a81612b9[87]
WARNING: [Synth 8-3331] design m_f98264eb has unconnected port s_a81612b9[86]
WARNING: [Synth 8-3331] design m_f98264eb has unconnected port s_a81612b9[85]
WARNING: [Synth 8-3331] design m_f98264eb has unconnected port s_a81612b9[84]
WARNING: [Synth 8-3331] design m_f98264eb has unconnected port s_a81612b9[83]
WARNING: [Synth 8-3331] design m_f98264eb has unconnected port s_a81612b9[82]
WARNING: [Synth 8-3331] design m_f98264eb has unconnected port s_a81612b9[81]
WARNING: [Synth 8-3331] design m_f98264eb has unconnected port s_a81612b9[80]
WARNING: [Synth 8-3331] design m_f98264eb has unconnected port s_a81612b9[79]
WARNING: [Synth 8-3331] design m_f98264eb has unconnected port s_a81612b9[78]
WARNING: [Synth 8-3331] design m_f98264eb has unconnected port s_a81612b9[77]
WARNING: [Synth 8-3331] design m_f98264eb has unconnected port s_a81612b9[76]
WARNING: [Synth 8-3331] design m_f98264eb has unconnected port s_a81612b9[75]
WARNING: [Synth 8-3331] design m_f98264eb has unconnected port s_a81612b9[74]
WARNING: [Synth 8-3331] design m_f98264eb has unconnected port s_a81612b9[73]
WARNING: [Synth 8-3331] design m_f98264eb has unconnected port s_a81612b9[72]
WARNING: [Synth 8-3331] design m_f98264eb has unconnected port s_a81612b9[71]
WARNING: [Synth 8-3331] design m_f98264eb has unconnected port s_a81612b9[70]
WARNING: [Synth 8-3331] design m_f98264eb has unconnected port s_a81612b9[69]
WARNING: [Synth 8-3331] design m_f98264eb has unconnected port s_a81612b9[68]
WARNING: [Synth 8-3331] design m_f98264eb has unconnected port s_a81612b9[67]
WARNING: [Synth 8-3331] design m_f98264eb has unconnected port s_a81612b9[66]
WARNING: [Synth 8-3331] design m_f98264eb has unconnected port s_a81612b9[65]
WARNING: [Synth 8-3331] design m_f98264eb has unconnected port s_a81612b9[64]
WARNING: [Synth 8-3331] design m_f98264eb has unconnected port s_a81612b9[63]
WARNING: [Synth 8-3331] design m_f98264eb has unconnected port s_a81612b9[62]
WARNING: [Synth 8-3331] design m_f98264eb has unconnected port s_a81612b9[61]
WARNING: [Synth 8-3331] design m_f98264eb has unconnected port s_a81612b9[60]
WARNING: [Synth 8-3331] design m_f98264eb has unconnected port s_a81612b9[59]
WARNING: [Synth 8-3331] design m_f98264eb has unconnected port s_a81612b9[58]
WARNING: [Synth 8-3331] design m_f98264eb has unconnected port s_a81612b9[57]
WARNING: [Synth 8-3331] design m_f98264eb has unconnected port s_a81612b9[56]
WARNING: [Synth 8-3331] design m_f98264eb has unconnected port s_a81612b9[55]
WARNING: [Synth 8-3331] design m_f98264eb has unconnected port s_a81612b9[54]
WARNING: [Synth 8-3331] design m_f98264eb has unconnected port s_a81612b9[53]
WARNING: [Synth 8-3331] design m_f98264eb has unconnected port s_a81612b9[52]
WARNING: [Synth 8-3331] design m_f98264eb has unconnected port s_a81612b9[51]
WARNING: [Synth 8-3331] design m_f98264eb has unconnected port s_a81612b9[50]
WARNING: [Synth 8-3331] design m_f98264eb has unconnected port s_a81612b9[49]
WARNING: [Synth 8-3331] design m_f98264eb has unconnected port s_a81612b9[48]
WARNING: [Synth 8-3331] design m_f98264eb has unconnected port s_a81612b9[47]
WARNING: [Synth 8-3331] design m_f98264eb has unconnected port s_a81612b9[46]
WARNING: [Synth 8-3331] design m_f98264eb has unconnected port s_a81612b9[45]
WARNING: [Synth 8-3331] design m_f98264eb has unconnected port s_a81612b9[44]
WARNING: [Synth 8-3331] design m_f98264eb has unconnected port s_a81612b9[43]
WARNING: [Synth 8-3331] design m_f98264eb has unconnected port s_a81612b9[42]
WARNING: [Synth 8-3331] design m_f98264eb has unconnected port s_a81612b9[41]
WARNING: [Synth 8-3331] design m_f98264eb has unconnected port s_a81612b9[40]
WARNING: [Synth 8-3331] design m_f98264eb has unconnected port s_a81612b9[39]
WARNING: [Synth 8-3331] design m_f98264eb has unconnected port s_a81612b9[38]
WARNING: [Synth 8-3331] design m_f98264eb has unconnected port s_a81612b9[37]
WARNING: [Synth 8-3331] design m_f98264eb has unconnected port s_a81612b9[36]
WARNING: [Synth 8-3331] design m_f98264eb has unconnected port s_a81612b9[35]
WARNING: [Synth 8-3331] design m_f98264eb has unconnected port s_a81612b9[34]
WARNING: [Synth 8-3331] design m_f98264eb has unconnected port s_a81612b9[33]
WARNING: [Synth 8-3331] design m_f98264eb has unconnected port s_a81612b9[32]
WARNING: [Synth 8-3331] design m_f98264eb has unconnected port s_a81612b9[31]
WARNING: [Synth 8-3331] design m_f98264eb has unconnected port s_a81612b9[30]
WARNING: [Synth 8-3331] design m_f98264eb has unconnected port s_a81612b9[29]
WARNING: [Synth 8-3331] design m_f98264eb has unconnected port s_a81612b9[28]
WARNING: [Synth 8-3331] design m_f98264eb has unconnected port s_a81612b9[27]
WARNING: [Synth 8-3331] design m_f98264eb has unconnected port s_a81612b9[26]
WARNING: [Synth 8-3331] design m_f98264eb has unconnected port s_a81612b9[25]
WARNING: [Synth 8-3331] design m_f98264eb has unconnected port s_a81612b9[24]
WARNING: [Synth 8-3331] design m_f98264eb has unconnected port s_a81612b9[23]
WARNING: [Synth 8-3331] design m_f98264eb has unconnected port s_a81612b9[22]
WARNING: [Synth 8-3331] design m_f98264eb has unconnected port s_a81612b9[21]
WARNING: [Synth 8-3331] design m_f98264eb has unconnected port s_a81612b9[20]
WARNING: [Synth 8-3331] design m_f98264eb has unconnected port s_a81612b9[19]
WARNING: [Synth 8-3331] design m_f98264eb has unconnected port s_a81612b9[18]
WARNING: [Synth 8-3331] design m_f98264eb has unconnected port s_a81612b9[17]
WARNING: [Synth 8-3331] design m_f98264eb has unconnected port s_a81612b9[16]
WARNING: [Synth 8-3331] design m_f98264eb has unconnected port s_a81612b9[15]
WARNING: [Synth 8-3331] design m_f98264eb has unconnected port s_a81612b9[14]
WARNING: [Synth 8-3331] design m_f98264eb has unconnected port s_a81612b9[13]
WARNING: [Synth 8-3331] design m_f98264eb has unconnected port s_a81612b9[12]
WARNING: [Synth 8-3331] design m_f98264eb has unconnected port s_a81612b9[11]
WARNING: [Synth 8-3331] design m_f98264eb has unconnected port s_a81612b9[10]
WARNING: [Synth 8-3331] design m_f98264eb has unconnected port s_a81612b9[9]
WARNING: [Synth 8-3331] design m_f98264eb has unconnected port s_a81612b9[8]
WARNING: [Synth 8-3331] design m_f98264eb has unconnected port s_a81612b9[7]
WARNING: [Synth 8-3331] design m_f98264eb has unconnected port s_a81612b9[6]
WARNING: [Synth 8-3331] design m_f98264eb has unconnected port s_a81612b9[5]
WARNING: [Synth 8-3331] design m_f98264eb has unconnected port s_a81612b9[4]
WARNING: [Synth 8-3331] design m_f98264eb has unconnected port s_a81612b9[3]
WARNING: [Synth 8-3331] design m_f98264eb has unconnected port s_a81612b9[2]
WARNING: [Synth 8-3331] design m_f98264eb has unconnected port s_a81612b9[1]
WARNING: [Synth 8-3331] design m_f98264eb has unconnected port s_a81612b9[0]
WARNING: [Synth 8-3331] design m_f98264eb has unconnected port s_4127443e
INFO: [Common 17-14] Message 'Synth 8-3331' appears 100 times and further instances of the messages will be disabled. Use the Tcl command set_msg_config to change the current settings.
INFO: [Synth 8-3886] merging instance 'u_1094394a/g_3202014c[1].s_129bbf94_reg[13]' (FDRE) to 'u_1094394a/g_3202014c[1].s_bc4ebcef_reg[0]'
INFO: [Synth 8-3886] merging instance 'u_1094394a/g_3202014c[1].s_129bbf94_reg[14]' (FDRE) to 'u_1094394a/g_3202014c[1].s_bc4ebcef_reg[1]'
INFO: [Synth 8-3886] merging instance 'u_1094394a/g_3202014c[1].s_129bbf94_reg[15]' (FDRE) to 'u_1094394a/g_3202014c[1].s_bc4ebcef_reg[2]'
INFO: [Synth 8-3886] merging instance 'u_1094394a/g_3202014c[1].s_129bbf94_reg[16]' (FDRE) to 'u_1094394a/g_3202014c[1].s_bc4ebcef_reg[3]'
INFO: [Synth 8-3886] merging instance 'u_1094394a/g_3202014c[1].s_bc4ebcef_reg[4]' (FDRE) to 'u_1094394a/g_3202014c[1].s_129bbf94_reg[17]'
INFO: [Synth 8-3886] merging instance 'u_1094394a/g_3202014c[1].s_bc4ebcef_reg[5]' (FDRE) to 'u_1094394a/g_3202014c[1].s_129bbf94_reg[18]'
INFO: [Synth 8-3886] merging instance 'u_1094394a/g_3202014c[1].s_bc4ebcef_reg[6]' (FDRE) to 'u_1094394a/g_3202014c[1].s_129bbf94_reg[19]'
INFO: [Synth 8-3886] merging instance 'u_1094394a/g_3202014c[1].s_bc4ebcef_reg[7]' (FDRE) to 'u_1094394a/g_3202014c[1].s_129bbf94_reg[20]'
INFO: [Synth 8-3886] merging instance 'u_1094394a/g_3202014c[1].s_bc4ebcef_reg[8]' (FDRE) to 'u_1094394a/g_3202014c[1].s_129bbf94_reg[21]'
INFO: [Synth 8-3886] merging instance 'u_1094394a/g_3202014c[1].s_bc4ebcef_reg[9]' (FDRE) to 'u_1094394a/g_3202014c[1].s_129bbf94_reg[22]'
INFO: [Synth 8-3886] merging instance 'u_1094394a/g_3202014c[1].s_bc4ebcef_reg[10]' (FDRE) to 'u_1094394a/g_3202014c[1].s_129bbf94_reg[23]'
INFO: [Synth 8-3886] merging instance 'u_1094394a/g_3202014c[1].s_bc4ebcef_reg[11]' (FDRE) to 'u_1094394a/g_3202014c[1].s_129bbf94_reg[24]'
INFO: [Synth 8-3886] merging instance 'u_1094394a/g_3202014c[1].s_bc4ebcef_reg[12]' (FDRE) to 'u_1094394a/g_3202014c[1].s_129bbf94_reg[25]'
INFO: [Synth 8-3886] merging instance 'u_1094394a/g_3202014c[0].s_129bbf94_reg[0]' (FDRE) to 'u_1094394a/g_3202014c[0].s_bc4ebcef_reg[0]'
INFO: [Synth 8-3886] merging instance 'u_1094394a/g_3202014c[0].s_129bbf94_reg[1]' (FDRE) to 'u_1094394a/g_3202014c[0].s_bc4ebcef_reg[1]'
INFO: [Synth 8-3886] merging instance 'u_1094394a/g_3202014c[0].s_129bbf94_reg[2]' (FDRE) to 'u_1094394a/g_3202014c[0].s_bc4ebcef_reg[2]'
INFO: [Synth 8-3886] merging instance 'u_1094394a/g_3202014c[0].s_129bbf94_reg[3]' (FDRE) to 'u_1094394a/g_3202014c[0].s_bc4ebcef_reg[3]'
INFO: [Synth 8-3886] merging instance 'u_1094394a/g_3202014c[0].s_bc4ebcef_reg[4]' (FDRE) to 'u_1094394a/g_3202014c[0].s_129bbf94_reg[4]'
INFO: [Synth 8-3886] merging instance 'u_1094394a/g_3202014c[0].s_bc4ebcef_reg[5]' (FDRE) to 'u_1094394a/g_3202014c[0].s_129bbf94_reg[5]'
INFO: [Synth 8-3886] merging instance 'u_1094394a/g_3202014c[0].s_bc4ebcef_reg[6]' (FDRE) to 'u_1094394a/g_3202014c[0].s_129bbf94_reg[6]'
INFO: [Synth 8-3886] merging instance 'u_1094394a/g_3202014c[0].s_bc4ebcef_reg[7]' (FDRE) to 'u_1094394a/g_3202014c[0].s_129bbf94_reg[7]'
INFO: [Synth 8-3886] merging instance 'u_1094394a/g_3202014c[0].s_bc4ebcef_reg[8]' (FDRE) to 'u_1094394a/g_3202014c[0].s_129bbf94_reg[8]'
INFO: [Synth 8-3886] merging instance 'u_1094394a/g_3202014c[0].s_bc4ebcef_reg[9]' (FDRE) to 'u_1094394a/g_3202014c[0].s_129bbf94_reg[9]'
INFO: [Synth 8-3886] merging instance 'u_1094394a/g_3202014c[0].s_bc4ebcef_reg[10]' (FDRE) to 'u_1094394a/g_3202014c[0].s_129bbf94_reg[10]'
INFO: [Synth 8-3886] merging instance 'u_1094394a/g_3202014c[0].s_bc4ebcef_reg[11]' (FDRE) to 'u_1094394a/g_3202014c[0].s_129bbf94_reg[11]'
INFO: [Synth 8-3886] merging instance 'u_1094394a/g_3202014c[0].s_bc4ebcef_reg[12]' (FDRE) to 'u_1094394a/g_3202014c[0].s_129bbf94_reg[12]'
INFO: [Synth 8-3886] merging instance 'm_5a4de3b4/g_93e48e0f.u_2e5bedee/g_89fa25a3[1].s_8bc43c0f_reg[12]' (FD) to 'm_5a4de3b4/g_93e48e0f.u_2e5bedee/g_89fa25a3[1].s_8bc43c0f_reg[13]'
INFO: [Synth 8-3886] merging instance 'm_5a4de3b4/g_93e48e0f.u_2e5bedee/g_89fa25a3[1].s_8bc43c0f_reg[13]' (FD) to 'm_5a4de3b4/g_93e48e0f.u_2e5bedee/g_89fa25a3[1].s_8bc43c0f_reg[10]'
INFO: [Synth 8-3886] merging instance 'm_5a4de3b4/g_93e48e0f.u_2e5bedee/g_89fa25a3[1].s_8bc43c0f_reg[10]' (FD) to 'm_5a4de3b4/g_93e48e0f.u_2e5bedee/g_89fa25a3[1].s_8bc43c0f_reg[11]'
INFO: [Synth 8-3886] merging instance 'm_5a4de3b4/g_93e48e0f.u_2e5bedee/g_89fa25a3[1].s_8bc43c0f_reg[11]' (FD) to 'm_5a4de3b4/g_93e48e0f.u_2e5bedee/g_89fa25a3[1].s_8bc43c0f_reg[8]'
INFO: [Synth 8-3886] merging instance 'm_5a4de3b4/g_93e48e0f.u_2e5bedee/g_89fa25a3[1].s_8bc43c0f_reg[8]' (FD) to 'm_5a4de3b4/g_93e48e0f.u_2e5bedee/g_89fa25a3[1].s_8bc43c0f_reg[9]'
INFO: [Synth 8-3886] merging instance 'm_5a4de3b4/g_93e48e0f.u_2e5bedee/g_89fa25a3[1].s_8bc43c0f_reg[9]' (FD) to 'm_5a4de3b4/g_93e48e0f.u_2e5bedee/g_89fa25a3[1].s_8bc43c0f_reg[14]'
INFO: [Synth 8-3886] merging instance 'm_5a4de3b4/g_93e48e0f.u_2e5bedee/g_89fa25a3[1].s_8bc43c0f_reg[6]' (FD) to 'm_5a4de3b4/g_93e48e0f.u_2e5bedee/g_89fa25a3[1].s_8bc43c0f_reg[7]'
INFO: [Synth 8-3886] merging instance 'm_5a4de3b4/g_93e48e0f.u_2e5bedee/g_89fa25a3[1].s_8bc43c0f_reg[7]' (FD) to 'm_5a4de3b4/g_93e48e0f.u_2e5bedee/g_89fa25a3[1].s_8bc43c0f_reg[4]'
INFO: [Synth 8-3886] merging instance 'm_5a4de3b4/g_93e48e0f.u_2e5bedee/g_89fa25a3[1].s_8bc43c0f_reg[4]' (FD) to 'm_5a4de3b4/g_93e48e0f.u_2e5bedee/g_89fa25a3[1].s_8bc43c0f_reg[5]'
INFO: [Synth 8-3886] merging instance 'm_5a4de3b4/g_93e48e0f.u_2e5bedee/g_89fa25a3[1].s_8bc43c0f_reg[5]' (FD) to 'm_5a4de3b4/g_93e48e0f.u_2e5bedee/g_89fa25a3[1].s_8bc43c0f_reg[2]'
INFO: [Synth 8-3886] merging instance 'm_5a4de3b4/g_93e48e0f.u_2e5bedee/g_89fa25a3[1].s_8bc43c0f_reg[2]' (FD) to 'm_5a4de3b4/g_93e48e0f.u_2e5bedee/g_89fa25a3[1].s_8bc43c0f_reg[3]'
INFO: [Synth 8-3886] merging instance 'm_5a4de3b4/g_93e48e0f.u_2e5bedee/g_89fa25a3[1].s_8bc43c0f_reg[3]' (FD) to 'm_5a4de3b4/g_93e48e0f.u_2e5bedee/g_89fa25a3[1].s_8bc43c0f_reg[0]'
INFO: [Synth 8-3886] merging instance 'm_5a4de3b4/g_93e48e0f.u_2e5bedee/g_89fa25a3[1].s_8bc43c0f_reg[0]' (FD) to 'm_5a4de3b4/g_93e48e0f.u_2e5bedee/g_89fa25a3[1].s_8bc43c0f_reg[1]'
INFO: [Synth 8-3886] merging instance 'm_5a4de3b4/g_93e48e0f.u_2e5bedee/g_89fa25a3[1].s_8bc43c0f_reg[26]' (FD) to 'm_5a4de3b4/g_93e48e0f.u_2e5bedee/g_89fa25a3[1].s_8bc43c0f_reg[27]'
INFO: [Synth 8-3886] merging instance 'm_5a4de3b4/g_93e48e0f.u_2e5bedee/g_89fa25a3[1].s_8bc43c0f_reg[27]' (FD) to 'm_5a4de3b4/g_93e48e0f.u_2e5bedee/g_89fa25a3[1].s_8bc43c0f_reg[24]'
INFO: [Synth 8-3886] merging instance 'm_5a4de3b4/g_93e48e0f.u_2e5bedee/g_89fa25a3[1].s_8bc43c0f_reg[24]' (FD) to 'm_5a4de3b4/g_93e48e0f.u_2e5bedee/g_89fa25a3[1].s_8bc43c0f_reg[25]'
INFO: [Synth 8-3886] merging instance 'm_5a4de3b4/g_93e48e0f.u_2e5bedee/g_89fa25a3[1].s_8bc43c0f_reg[25]' (FD) to 'm_5a4de3b4/g_93e48e0f.u_2e5bedee/g_89fa25a3[1].s_8bc43c0f_reg[30]'
INFO: [Synth 8-3886] merging instance 'm_5a4de3b4/g_93e48e0f.u_2e5bedee/g_89fa25a3[1].s_8bc43c0f_reg[22]' (FD) to 'm_5a4de3b4/g_93e48e0f.u_2e5bedee/g_89fa25a3[1].s_8bc43c0f_reg[23]'
INFO: [Synth 8-3886] merging instance 'm_5a4de3b4/g_93e48e0f.u_2e5bedee/g_89fa25a3[1].s_8bc43c0f_reg[23]' (FD) to 'm_5a4de3b4/g_93e48e0f.u_2e5bedee/g_89fa25a3[1].s_8bc43c0f_reg[20]'
INFO: [Synth 8-3886] merging instance 'm_5a4de3b4/g_93e48e0f.u_2e5bedee/g_89fa25a3[1].s_8bc43c0f_reg[20]' (FD) to 'm_5a4de3b4/g_93e48e0f.u_2e5bedee/g_89fa25a3[1].s_8bc43c0f_reg[21]'
INFO: [Synth 8-3886] merging instance 'm_5a4de3b4/g_93e48e0f.u_2e5bedee/g_89fa25a3[1].s_8bc43c0f_reg[21]' (FD) to 'm_5a4de3b4/g_93e48e0f.u_2e5bedee/g_89fa25a3[1].s_8bc43c0f_reg[18]'
INFO: [Synth 8-3886] merging instance 'm_5a4de3b4/g_93e48e0f.u_2e5bedee/g_89fa25a3[1].s_8bc43c0f_reg[18]' (FD) to 'm_5a4de3b4/g_93e48e0f.u_2e5bedee/g_89fa25a3[1].s_8bc43c0f_reg[19]'
INFO: [Synth 8-3886] merging instance 'm_5a4de3b4/g_93e48e0f.u_2e5bedee/g_89fa25a3[1].s_8bc43c0f_reg[19]' (FD) to 'm_5a4de3b4/g_93e48e0f.u_2e5bedee/g_89fa25a3[1].s_8bc43c0f_reg[16]'
INFO: [Synth 8-3886] merging instance 'm_5a4de3b4/g_93e48e0f.u_2e5bedee/g_89fa25a3[1].s_8bc43c0f_reg[16]' (FD) to 'm_5a4de3b4/g_93e48e0f.u_2e5bedee/g_89fa25a3[1].s_8bc43c0f_reg[17]'
INFO: [Synth 8-3886] merging instance 'm_5a4de3b4/g_93e48e0f.u_2e5bedee/g_89fa25a3[1].s_8bc43c0f_reg[14]' (FD) to 'm_5a4de3b4/g_93e48e0f.u_2e5bedee/g_89fa25a3[1].s_8bc43c0f_reg[15]'
INFO: [Synth 8-3886] merging instance 'm_5a4de3b4/g_93e48e0f.u_2e5bedee/g_89fa25a3[1].s_8bc43c0f_reg[40]' (FD) to 'm_5a4de3b4/g_93e48e0f.u_2e5bedee/g_89fa25a3[1].s_8bc43c0f_reg[41]'
INFO: [Synth 8-3886] merging instance 'm_5a4de3b4/g_93e48e0f.u_2e5bedee/g_89fa25a3[1].s_8bc43c0f_reg[41]' (FD) to 'm_5a4de3b4/g_93e48e0f.u_2e5bedee/g_89fa25a3[1].s_8bc43c0f_reg[46]'
INFO: [Synth 8-3886] merging instance 'm_5a4de3b4/g_93e48e0f.u_2e5bedee/g_89fa25a3[1].s_8bc43c0f_reg[38]' (FD) to 'm_5a4de3b4/g_93e48e0f.u_2e5bedee/g_89fa25a3[1].s_8bc43c0f_reg[39]'
INFO: [Synth 8-3886] merging instance 'm_5a4de3b4/g_93e48e0f.u_2e5bedee/g_89fa25a3[1].s_8bc43c0f_reg[39]' (FD) to 'm_5a4de3b4/g_93e48e0f.u_2e5bedee/g_89fa25a3[1].s_8bc43c0f_reg[36]'
INFO: [Synth 8-3886] merging instance 'm_5a4de3b4/g_93e48e0f.u_2e5bedee/g_89fa25a3[1].s_8bc43c0f_reg[36]' (FD) to 'm_5a4de3b4/g_93e48e0f.u_2e5bedee/g_89fa25a3[1].s_8bc43c0f_reg[37]'
INFO: [Synth 8-3886] merging instance 'm_5a4de3b4/g_93e48e0f.u_2e5bedee/g_89fa25a3[1].s_8bc43c0f_reg[37]' (FD) to 'm_5a4de3b4/g_93e48e0f.u_2e5bedee/g_89fa25a3[1].s_8bc43c0f_reg[34]'
INFO: [Synth 8-3886] merging instance 'm_5a4de3b4/g_93e48e0f.u_2e5bedee/g_89fa25a3[1].s_8bc43c0f_reg[34]' (FD) to 'm_5a4de3b4/g_93e48e0f.u_2e5bedee/g_89fa25a3[1].s_8bc43c0f_reg[35]'
INFO: [Synth 8-3886] merging instance 'm_5a4de3b4/g_93e48e0f.u_2e5bedee/g_89fa25a3[1].s_8bc43c0f_reg[35]' (FD) to 'm_5a4de3b4/g_93e48e0f.u_2e5bedee/g_89fa25a3[1].s_8bc43c0f_reg[32]'
INFO: [Synth 8-3886] merging instance 'm_5a4de3b4/g_93e48e0f.u_2e5bedee/g_89fa25a3[1].s_8bc43c0f_reg[32]' (FD) to 'm_5a4de3b4/g_93e48e0f.u_2e5bedee/g_89fa25a3[1].s_8bc43c0f_reg[33]'
INFO: [Synth 8-3886] merging instance 'm_5a4de3b4/g_93e48e0f.u_2e5bedee/g_89fa25a3[1].s_8bc43c0f_reg[30]' (FD) to 'm_5a4de3b4/g_93e48e0f.u_2e5bedee/g_89fa25a3[1].s_8bc43c0f_reg[31]'
INFO: [Synth 8-3886] merging instance 'm_5a4de3b4/g_93e48e0f.u_2e5bedee/g_89fa25a3[1].s_8bc43c0f_reg[31]' (FD) to 'm_5a4de3b4/g_93e48e0f.u_2e5bedee/g_89fa25a3[1].s_8bc43c0f_reg[28]'
INFO: [Synth 8-3886] merging instance 'm_5a4de3b4/g_93e48e0f.u_2e5bedee/g_89fa25a3[1].s_8bc43c0f_reg[28]' (FD) to 'm_5a4de3b4/g_93e48e0f.u_2e5bedee/g_89fa25a3[1].s_8bc43c0f_reg[29]'
INFO: [Synth 8-3886] merging instance 'm_5a4de3b4/g_93e48e0f.u_2e5bedee/g_89fa25a3[1].s_8bc43c0f_reg[54]' (FD) to 'm_5a4de3b4/g_93e48e0f.u_2e5bedee/g_89fa25a3[1].s_8bc43c0f_reg[55]'
INFO: [Synth 8-3886] merging instance 'm_5a4de3b4/g_93e48e0f.u_2e5bedee/g_89fa25a3[1].s_8bc43c0f_reg[55]' (FD) to 'm_5a4de3b4/g_93e48e0f.u_2e5bedee/g_89fa25a3[1].s_8bc43c0f_reg[52]'
INFO: [Synth 8-3886] merging instance 'm_5a4de3b4/g_93e48e0f.u_2e5bedee/g_89fa25a3[1].s_8bc43c0f_reg[52]' (FD) to 'm_5a4de3b4/g_93e48e0f.u_2e5bedee/g_89fa25a3[1].s_8bc43c0f_reg[53]'
INFO: [Synth 8-3886] merging instance 'm_5a4de3b4/g_93e48e0f.u_2e5bedee/g_89fa25a3[1].s_8bc43c0f_reg[53]' (FD) to 'm_5a4de3b4/g_93e48e0f.u_2e5bedee/g_89fa25a3[1].s_8bc43c0f_reg[50]'
INFO: [Synth 8-3886] merging instance 'm_5a4de3b4/g_93e48e0f.u_2e5bedee/g_89fa25a3[1].s_8bc43c0f_reg[50]' (FD) to 'm_5a4de3b4/g_93e48e0f.u_2e5bedee/g_89fa25a3[1].s_8bc43c0f_reg[51]'
INFO: [Synth 8-3886] merging instance 'm_5a4de3b4/g_93e48e0f.u_2e5bedee/g_89fa25a3[1].s_8bc43c0f_reg[51]' (FD) to 'm_5a4de3b4/g_93e48e0f.u_2e5bedee/g_89fa25a3[1].s_8bc43c0f_reg[48]'
INFO: [Synth 8-3886] merging instance 'm_5a4de3b4/g_93e48e0f.u_2e5bedee/g_89fa25a3[1].s_8bc43c0f_reg[48]' (FD) to 'm_5a4de3b4/g_93e48e0f.u_2e5bedee/g_89fa25a3[1].s_8bc43c0f_reg[49]'
INFO: [Synth 8-3886] merging instance 'm_5a4de3b4/g_93e48e0f.u_2e5bedee/g_89fa25a3[1].s_8bc43c0f_reg[46]' (FD) to 'm_5a4de3b4/g_93e48e0f.u_2e5bedee/g_89fa25a3[1].s_8bc43c0f_reg[47]'
INFO: [Synth 8-3886] merging instance 'm_5a4de3b4/g_93e48e0f.u_2e5bedee/g_89fa25a3[1].s_8bc43c0f_reg[47]' (FD) to 'm_5a4de3b4/g_93e48e0f.u_2e5bedee/g_89fa25a3[1].s_8bc43c0f_reg[44]'
INFO: [Synth 8-3886] merging instance 'm_5a4de3b4/g_93e48e0f.u_2e5bedee/g_89fa25a3[1].s_8bc43c0f_reg[44]' (FD) to 'm_5a4de3b4/g_93e48e0f.u_2e5bedee/g_89fa25a3[1].s_8bc43c0f_reg[45]'
INFO: [Synth 8-3886] merging instance 'm_5a4de3b4/g_93e48e0f.u_2e5bedee/g_89fa25a3[1].s_8bc43c0f_reg[45]' (FD) to 'm_5a4de3b4/g_93e48e0f.u_2e5bedee/g_89fa25a3[1].s_8bc43c0f_reg[42]'
INFO: [Synth 8-3886] merging instance 'm_5a4de3b4/g_93e48e0f.u_2e5bedee/g_89fa25a3[1].s_8bc43c0f_reg[42]' (FD) to 'm_5a4de3b4/g_93e48e0f.u_2e5bedee/g_89fa25a3[1].s_8bc43c0f_reg[43]'
INFO: [Synth 8-3886] merging instance 'm_5a4de3b4/g_93e48e0f.u_2e5bedee/g_89fa25a3[1].s_8bc43c0f_reg[68]' (FD) to 'm_5a4de3b4/g_93e48e0f.u_2e5bedee/g_89fa25a3[1].s_8bc43c0f_reg[69]'
INFO: [Synth 8-3886] merging instance 'm_5a4de3b4/g_93e48e0f.u_2e5bedee/g_89fa25a3[1].s_8bc43c0f_reg[69]' (FD) to 'm_5a4de3b4/g_93e48e0f.u_2e5bedee/g_89fa25a3[1].s_8bc43c0f_reg[66]'
INFO: [Synth 8-3886] merging instance 'm_5a4de3b4/g_93e48e0f.u_2e5bedee/g_89fa25a3[1].s_8bc43c0f_reg[66]' (FD) to 'm_5a4de3b4/g_93e48e0f.u_2e5bedee/g_89fa25a3[1].s_8bc43c0f_reg[67]'
INFO: [Synth 8-3886] merging instance 'm_5a4de3b4/g_93e48e0f.u_2e5bedee/g_89fa25a3[1].s_8bc43c0f_reg[67]' (FD) to 'm_5a4de3b4/g_93e48e0f.u_2e5bedee/g_89fa25a3[1].s_8bc43c0f_reg[64]'
INFO: [Synth 8-3886] merging instance 'm_5a4de3b4/g_93e48e0f.u_2e5bedee/g_89fa25a3[1].s_8bc43c0f_reg[64]' (FD) to 'm_5a4de3b4/g_93e48e0f.u_2e5bedee/g_89fa25a3[1].s_8bc43c0f_reg[65]'
INFO: [Synth 8-3886] merging instance 'm_5a4de3b4/g_93e48e0f.u_2e5bedee/g_89fa25a3[1].s_8bc43c0f_reg[65]' (FD) to 'm_5a4de3b4/g_93e48e0f.u_2e5bedee/g_89fa25a3[1].s_8bc43c0f_reg[70]'
INFO: [Synth 8-3886] merging instance 'm_5a4de3b4/g_93e48e0f.u_2e5bedee/g_89fa25a3[1].s_8bc43c0f_reg[62]' (FD) to 'm_5a4de3b4/g_93e48e0f.u_2e5bedee/g_89fa25a3[1].s_8bc43c0f_reg[63]'
INFO: [Synth 8-3886] merging instance 'm_5a4de3b4/g_93e48e0f.u_2e5bedee/g_89fa25a3[1].s_8bc43c0f_reg[63]' (FD) to 'm_5a4de3b4/g_93e48e0f.u_2e5bedee/g_89fa25a3[1].s_8bc43c0f_reg[60]'
INFO: [Synth 8-3886] merging instance 'm_5a4de3b4/g_93e48e0f.u_2e5bedee/g_89fa25a3[1].s_8bc43c0f_reg[60]' (FD) to 'm_5a4de3b4/g_93e48e0f.u_2e5bedee/g_89fa25a3[1].s_8bc43c0f_reg[61]'
INFO: [Synth 8-3886] merging instance 'm_5a4de3b4/g_93e48e0f.u_2e5bedee/g_89fa25a3[1].s_8bc43c0f_reg[61]' (FD) to 'm_5a4de3b4/g_93e48e0f.u_2e5bedee/g_89fa25a3[1].s_8bc43c0f_reg[58]'
INFO: [Synth 8-3886] merging instance 'm_5a4de3b4/g_93e48e0f.u_2e5bedee/g_89fa25a3[1].s_8bc43c0f_reg[58]' (FD) to 'm_5a4de3b4/g_93e48e0f.u_2e5bedee/g_89fa25a3[1].s_8bc43c0f_reg[59]'
INFO: [Synth 8-3886] merging instance 'm_5a4de3b4/g_93e48e0f.u_2e5bedee/g_89fa25a3[1].s_8bc43c0f_reg[59]' (FD) to 'm_5a4de3b4/g_93e48e0f.u_2e5bedee/g_89fa25a3[1].s_8bc43c0f_reg[56]'
INFO: [Synth 8-3886] merging instance 'm_5a4de3b4/g_93e48e0f.u_2e5bedee/g_89fa25a3[1].s_8bc43c0f_reg[56]' (FD) to 'm_5a4de3b4/g_93e48e0f.u_2e5bedee/g_89fa25a3[1].s_8bc43c0f_reg[57]'
INFO: [Synth 8-3886] merging instance 'm_5a4de3b4/g_93e48e0f.u_2e5bedee/g_89fa25a3[1].s_8bc43c0f_reg[82]' (FD) to 'm_5a4de3b4/g_93e48e0f.u_2e5bedee/g_89fa25a3[1].s_8bc43c0f_reg[83]'
INFO: [Synth 8-3886] merging instance 'm_5a4de3b4/g_93e48e0f.u_2e5bedee/g_89fa25a3[1].s_8bc43c0f_reg[83]' (FD) to 'm_5a4de3b4/g_93e48e0f.u_2e5bedee/g_89fa25a3[1].s_8bc43c0f_reg[80]'
INFO: [Synth 8-3886] merging instance 'm_5a4de3b4/g_93e48e0f.u_2e5bedee/g_89fa25a3[1].s_8bc43c0f_reg[80]' (FD) to 'm_5a4de3b4/g_93e48e0f.u_2e5bedee/g_89fa25a3[1].s_8bc43c0f_reg[81]'
INFO: [Synth 8-3886] merging instance 'm_5a4de3b4/g_93e48e0f.u_2e5bedee/g_89fa25a3[1].s_8bc43c0f_reg[81]' (FD) to 'm_5a4de3b4/g_93e48e0f.u_2e5bedee/g_89fa25a3[1].s_8bc43c0f_reg[86]'
INFO: [Synth 8-3886] merging instance 'm_5a4de3b4/g_93e48e0f.u_2e5bedee/g_89fa25a3[1].s_8bc43c0f_reg[78]' (FD) to 'm_5a4de3b4/g_93e48e0f.u_2e5bedee/g_89fa25a3[1].s_8bc43c0f_reg[79]'
INFO: [Synth 8-3886] merging instance 'm_5a4de3b4/g_93e48e0f.u_2e5bedee/g_89fa25a3[1].s_8bc43c0f_reg[79]' (FD) to 'm_5a4de3b4/g_93e48e0f.u_2e5bedee/g_89fa25a3[1].s_8bc43c0f_reg[76]'
INFO: [Synth 8-3886] merging instance 'm_5a4de3b4/g_93e48e0f.u_2e5bedee/g_89fa25a3[1].s_8bc43c0f_reg[76]' (FD) to 'm_5a4de3b4/g_93e48e0f.u_2e5bedee/g_89fa25a3[1].s_8bc43c0f_reg[77]'
INFO: [Synth 8-3886] merging instance 'm_5a4de3b4/g_93e48e0f.u_2e5bedee/g_89fa25a3[1].s_8bc43c0f_reg[77]' (FD) to 'm_5a4de3b4/g_93e48e0f.u_2e5bedee/g_89fa25a3[1].s_8bc43c0f_reg[74]'
INFO: [Synth 8-3886] merging instance 'm_5a4de3b4/g_93e48e0f.u_2e5bedee/g_89fa25a3[1].s_8bc43c0f_reg[74]' (FD) to 'm_5a4de3b4/g_93e48e0f.u_2e5bedee/g_89fa25a3[1].s_8bc43c0f_reg[75]'
INFO: [Synth 8-3886] merging instance 'm_5a4de3b4/g_93e48e0f.u_2e5bedee/g_89fa25a3[1].s_8bc43c0f_reg[75]' (FD) to 'm_5a4de3b4/g_93e48e0f.u_2e5bedee/g_89fa25a3[1].s_8bc43c0f_reg[72]'
INFO: [Synth 8-3886] merging instance 'm_5a4de3b4/g_93e48e0f.u_2e5bedee/g_89fa25a3[1].s_8bc43c0f_reg[72]' (FD) to 'm_5a4de3b4/g_93e48e0f.u_2e5bedee/g_89fa25a3[1].s_8bc43c0f_reg[73]'
INFO: [Synth 8-3886] merging instance 'm_5a4de3b4/g_93e48e0f.u_2e5bedee/g_89fa25a3[1].s_8bc43c0f_reg[70]' (FD) to 'm_5a4de3b4/g_93e48e0f.u_2e5bedee/g_89fa25a3[1].s_8bc43c0f_reg[71]'
INFO: [Common 17-14] Message 'Synth 8-3886' appears 100 times and further instances of the messages will be disabled. Use the Tcl command set_msg_config to change the current settings.
INFO: [Synth 8-3333] propagating constant 0 across sequential element (\u_28227356/g_b9b28c5f[0].s_e431e267_reg[3] )
INFO: [Synth 8-3333] propagating constant 0 across sequential element (\m_5a4de3b4/g_93e48e0f.u_2e5bedee /\g_89fa25a3[1].s_30756d20_reg[3] )
INFO: [Synth 8-3333] propagating constant 0 across sequential element (\u_28227356/g_b9b28c5f[1].s_3f7b2db4_reg[15] )
INFO: [Synth 8-3333] propagating constant 0 across sequential element (\u_28227356/g_b9b28c5f[0].s_3f7b2db4_reg[15] )
INFO: [Synth 8-3333] propagating constant 0 across sequential element (\u_28227356/g_b9b28c5f[1].s_3f7b2db4_reg[3] )
INFO: [Synth 8-3333] propagating constant 0 across sequential element (\u_28227356/g_b9b28c5f[0].s_3f7b2db4_reg[3] )
